<?xml version="1.0" encoding="UTF-8"?>
<testng-results ignored="0" total="2" passed="2" failed="0" skipped="0">
  <reporter-output>
  </reporter-output>
  <suite started-at="2022-10-18T16:56:38 IST" name="Default suite" finished-at="2022-10-18T16:57:18 IST" duration-ms="40010">
    <groups>
    </groups>
    <test started-at="2022-10-18T16:56:38 IST" name="Default test" finished-at="2022-10-18T16:57:18 IST" duration-ms="40010">
      <class name="Com.OrangeHRM.TestCases.LoginpageTest">
        <test-method is-config="true" signature="Setup()[pri:0, instance:Com.OrangeHRM.TestCases.LoginpageTest@13c9d689]" started-at="2022-10-18T16:56:38 IST" name="Setup" finished-at="2022-10-18T16:56:48 IST" duration-ms="9524" status="PASS">
          <reporter-output>
          </reporter-output>
        </test-method> <!-- Setup -->
        <test-method signature="OrangeHRMPageTitle()[pri:0, instance:Com.OrangeHRM.TestCases.LoginpageTest@13c9d689]" started-at="2022-10-18T16:56:48 IST" name="OrangeHRMPageTitle" finished-at="2022-10-18T16:56:59 IST" duration-ms="11352" status="PASS">
          <reporter-output>
          </reporter-output>
        </test-method> <!-- OrangeHRMPageTitle -->
        <test-method is-config="true" signature="Teardown()[pri:0, instance:Com.OrangeHRM.TestCases.LoginpageTest@13c9d689]" started-at="2022-10-18T16:56:59 IST" name="Teardown" finished-at="2022-10-18T16:57:00 IST" duration-ms="501" status="PASS">
          <reporter-output>
          </reporter-output>
        </test-method> <!-- Teardown -->
        <test-method is-config="true" signature="Setup()[pri:0, instance:Com.OrangeHRM.TestCases.LoginpageTest@13c9d689]" started-at="2022-10-18T16:57:00 IST" name="Setup" finished-at="2022-10-18T16:57:05 IST" duration-ms="5160" status="PASS">
          <reporter-output>
          </reporter-output>
        </test-method> <!-- Setup -->
        <test-method signature="OrangeUername()[pri:0, instance:Com.OrangeHRM.TestCases.LoginpageTest@13c9d689]" started-at="2022-10-18T16:57:05 IST" name="OrangeUername" finished-at="2022-10-18T16:57:18 IST" duration-ms="13062" status="PASS">
          <reporter-output>
          </reporter-output>
        </test-method> <!-- OrangeUername -->
        <test-method is-config="true" signature="Teardown()[pri:0, instance:Com.OrangeHRM.TestCases.LoginpageTest@13c9d689]" started-at="2022-10-18T16:57:18 IST" name="Teardown" finished-at="2022-10-18T16:57:18 IST" duration-ms="380" status="PASS">
          <reporter-output>
          </reporter-output>
        </test-method> <!-- Teardown -->
      </class> <!-- Com.OrangeHRM.TestCases.LoginpageTest -->
    </test> <!-- Default test -->
  </suite> <!-- Default suite -->
</testng-results>
